{"D:\\TwitterProject\\src\\model\\twitter-model.js": {"path":"D:\\TwitterProject\\src\\model\\twitter-model.js","statementMap":{"0":{"start":{"line":3,"column":20},"end":{"line":32,"column":20}},"1":{"start":{"line":44,"column":14},"end":{"line":44,"column":50}}},"fnMap":{},"branchMap":{},"s":{"0":1,"1":1},"f":{},"b":{},"_coverageSchema":"1a1c01bbd47fc00a2c39e90264f33305004495a9","hash":"65500dd91d680e5121997eb73d56663577adc9fa"}
,"D:\\TwitterProject\\src\\repository\\tweet-repository.js": {"path":"D:\\TwitterProject\\src\\repository\\tweet-repository.js","statementMap":{"0":{"start":{"line":7,"column":8},"end":{"line":12,"column":9}},"1":{"start":{"line":8,"column":26},"end":{"line":8,"column":50}},"2":{"start":{"line":9,"column":12},"end":{"line":9,"column":25}},"3":{"start":{"line":11,"column":12},"end":{"line":11,"column":24}},"4":{"start":{"line":16,"column":8},"end":{"line":21,"column":9}},"5":{"start":{"line":17,"column":27},"end":{"line":17,"column":56}},"6":{"start":{"line":18,"column":12},"end":{"line":18,"column":26}},"7":{"start":{"line":20,"column":12},"end":{"line":20,"column":24}},"8":{"start":{"line":25,"column":8},"end":{"line":30,"column":9}},"9":{"start":{"line":26,"column":26},"end":{"line":26,"column":61}},"10":{"start":{"line":27,"column":12},"end":{"line":27,"column":25}},"11":{"start":{"line":29,"column":12},"end":{"line":29,"column":24}},"12":{"start":{"line":34,"column":8},"end":{"line":40,"column":9}},"13":{"start":{"line":35,"column":26},"end":{"line":35,"column":86}},"14":{"start":{"line":36,"column":12},"end":{"line":36,"column":25}},"15":{"start":{"line":38,"column":12},"end":{"line":38,"column":31}},"16":{"start":{"line":39,"column":12},"end":{"line":39,"column":24}},"17":{"start":{"line":44,"column":8},"end":{"line":49,"column":9}},"18":{"start":{"line":45,"column":31},"end":{"line":45,"column":97}},"19":{"start":{"line":46,"column":12},"end":{"line":46,"column":30}},"20":{"start":{"line":48,"column":12},"end":{"line":48,"column":24}}},"fnMap":{"0":{"name":"(anonymous_0)","decl":{"start":{"line":6,"column":4},"end":{"line":6,"column":5}},"loc":{"start":{"line":6,"column":28},"end":{"line":13,"column":5}},"line":6},"1":{"name":"(anonymous_1)","decl":{"start":{"line":15,"column":4},"end":{"line":15,"column":5}},"loc":{"start":{"line":15,"column":22},"end":{"line":22,"column":5}},"line":15},"2":{"name":"(anonymous_2)","decl":{"start":{"line":24,"column":4},"end":{"line":24,"column":5}},"loc":{"start":{"line":24,"column":23},"end":{"line":31,"column":5}},"line":24},"3":{"name":"(anonymous_3)","decl":{"start":{"line":33,"column":4},"end":{"line":33,"column":5}},"loc":{"start":{"line":33,"column":39},"end":{"line":41,"column":5}},"line":33},"4":{"name":"(anonymous_4)","decl":{"start":{"line":43,"column":4},"end":{"line":43,"column":5}},"loc":{"start":{"line":43,"column":38},"end":{"line":50,"column":5}},"line":43}},"branchMap":{},"s":{"0":1,"1":1,"2":1,"3":0,"4":0,"5":0,"6":0,"7":0,"8":0,"9":0,"10":0,"11":0,"12":0,"13":0,"14":0,"15":0,"16":0,"17":0,"18":0,"19":0,"20":0},"f":{"0":1,"1":0,"2":0,"3":0,"4":0},"b":{},"_coverageSchema":"1a1c01bbd47fc00a2c39e90264f33305004495a9","hash":"badfc9a5b74927b0389528a3e3bfa2ddc705a4d3"}
}
